#
# There is insufficient memory for the Java Runtime Environment to continue.
# Native memory allocation (mmap) failed to map 3221225472 bytes. Error detail: G1 virtual space
# Possible reasons:
#   The system is out of physical RAM or swap space
#   This process is running with CompressedOops enabled, and the Java Heap may be blocking the growth of the native heap
# Possible solutions:
#   Reduce memory load on the system
#   Increase physical memory or swap space
#   Check if swap backing store is full
#   Decrease Java heap size (-Xmx/-Xms)
#   Decrease number of Java threads
#   Decrease Java thread stack sizes (-Xss)
#   Set larger code cache with -XX:ReservedCodeCacheSize=
#   JVM is running with Zero Based Compressed Oops mode in which the Java heap is
#     placed in the first 32GB address space. The Java Heap base address is the
#     maximum limit for the native heap growth. Please use -XX:HeapBaseMinAddress
#     to set the Java Heap base and to place the Java Heap above 32GB virtual address.
# This output file may be truncated or incomplete.
#
#  Out of Memory Error (os_windows.cpp:3564), pid=19476, tid=20248
#
# JRE version:  (24.0.2+12) (build )
# Java VM: OpenJDK 64-Bit Server VM (24.0.2+12, mixed mode, sharing, tiered, compressed oops, compressed class ptrs, g1 gc, windows-amd64)
# No core dump will be written. Minidumps are not enabled by default on client versions of Windows
#

---------------  S U M M A R Y ------------

Command Line: --sun-misc-unsafe-memory-access=allow -XX:+UnlockExperimentalVMOptions -XX:+UseCompactObjectHeaders -Dnashorn.args=--no-deprecation-warning -XX:+UseG1GC -Xmx3072m -Xms3072m -Xss4m -Djava.awt.headless=true ro.amiq.dvt.main.LSMain -project_path c:\Users\Shady\OneDrive\Documents\PCIe\pcie-gen6-dll-vip-base_test -id 2026-06-25-14-57-54-753000000 -build default -timeout 60 -embedded -lang vlog -port_range_start 0 -port_range_end 0

Host: Intel(R) Core(TM) i3-10110U CPU @ 2.10GHz, 4 cores, 11G,  Windows 11 , 64 bit Build 22621 (10.0.22621.5415)
Time: Thu Jun 25 14:57:58 2026 Egypt Daylight Time elapsed time: 0.137310 seconds (0d 0h 0m 0s)

---------------  T H R E A D  ---------------

Current thread (0x0000024f5c0ccd10):  JavaThread "Unknown thread" [_thread_in_vm, id=20248, stack(0x00000058b8300000,0x00000058b8700000) (4096K)]

Stack: [0x00000058b8300000,0x00000058b8700000]
Native frames: (J=compiled Java code, j=interpreted, Vv=VM code, C=native code)
V  [jvm.dll+0x7341e9]  (no source info available)
V  [jvm.dll+0x96c0d3]  (no source info available)
V  [jvm.dll+0x96e5bd]  (no source info available)
V  [jvm.dll+0x96ec33]  (no source info available)
V  [jvm.dll+0x2ac166]  (no source info available)
V  [jvm.dll+0x730705]  (no source info available)
V  [jvm.dll+0x7241aa]  (no source info available)
V  [jvm.dll+0x39333a]  (no source info available)
V  [jvm.dll+0x39b086]  (no source info available)
V  [jvm.dll+0x38791e]  (no source info available)
V  [jvm.dll+0x387bd8]  (no source info available)
V  [jvm.dll+0x35f8bc]  (no source info available)
V  [jvm.dll+0x36057d]  (no source info available)
V  [jvm.dll+0x92f88f]  (no source info available)
V  [jvm.dll+0x3fba0d]  (no source info available)
V  [jvm.dll+0x917c66]  (no source info available)
V  [jvm.dll+0x4968ae]  (no source info available)
V  [jvm.dll+0x4987b1]  (no source info available)
C  [jli.dll+0x5276]  (no source info available)
C  [ucrtbase.dll+0x29333]  (no source info available)
C  [KERNEL32.DLL+0x1259d]  (no source info available)
C  [ntdll.dll+0x5af78]  (no source info available)

Lock stack of current Java thread (top to bottom):


---------------  P R O C E S S  ---------------

Threads class SMR info:
_java_thread_list=0x00007fff358aaf58, length=0, elements={
}

Java Threads: ( => current thread )
Total: 0

Other Threads:
  0x0000024f5e397b70 WorkerThread "GC Thread#0"                     [id=21456, stack(0x00000058b8700000,0x00000058b8800000) (1024K)]
  0x0000024f5e3a9c10 ConcurrentGCThread "G1 Main Marker"            [id=25128, stack(0x00000058b8800000,0x00000058b8900000) (1024K)]
  0x0000024f5e3aa630 WorkerThread "G1 Conc#0"                       [id=16748, stack(0x00000058b8900000,0x00000058b8a00000) (1024K)]

[error occurred during error reporting (printing all threads), id 0xc0000005, EXCEPTION_ACCESS_VIOLATION (0xc0000005) at pc=0x00007fff34f23bfa]
VM state: not at safepoint (not fully initialized)

VM Mutex/Monitor currently owned by a thread:  ([mutex/lock_event])
[0x00007fff35934170] Heap_lock - owner thread: 0x0000024f5c0ccd10

Heap address: 0x0000000740000000, size: 3072 MB, Compressed Oops mode: Zero based, Oop shift amount: 3

CDS archive(s) mapped at: [0x0000000000000000-0x0000000000000000-0x0000000000000000), size 0, SharedBaseAddress: 0x0000000800000000, ArchiveRelocationMode: 1.
UseCompressedClassPointers 1, UseCompactObjectHeaders 1
Narrow klass pointer bits 22, Max shift 10
Narrow klass base: 0xffffffffffffffff, Narrow klass shift: -1
Encoding Range: [0xffffffffffffffff - 0x00000000001fffff), (2097152 bytes)
Klass Range:    [0x0000000000000000 - 0x0000000000000000), (0 bytes)
Klass ID Range:  [4294967295 - 0) (1)

GC Precious Log:
 CardTable entry size: 512
 Card Set container configuration: InlinePtr #cards 4 size 8 Array Of Cards #cards 16 size 48 Howl #buckets 8 coarsen threshold 3686 Howl Bitmap #cards 512 size 80 coarsen threshold 460 Card regions per heap region 1 cards per card region 4096

Heap:
 garbage-first heap   total reserved 3145728K, committed 0K, used 0K [0x0000000740000000, 0x0000000800000000)
  region size 2048K, 0 young (0K), 0 survivors (0K)

[error occurred during error reporting (printing heap information), id 0xc0000005, EXCEPTION_ACCESS_VIOLATION (0xc0000005) at pc=0x00007fff35342a69]
GC Heap History (0 events):
No events

Dll operation events (1 events):
Event: 0.131 Loaded shared library c:\Users\Shady\.vscode\extensions\amiq.dvt-26.1.12-win32-x64\dvt_home\platform\windows-amd64\jdk\bin\java.dll

Deoptimization events (0 events):
No events

Classes loaded (0 events):
No events

Classes unloaded (0 events):
No events

Classes redefined (0 events):
No events

Internal exceptions (0 events):
No events

VM Operations (0 events):
No events

Memory protections (0 events):
No events

Nmethod flushes (0 events):
No events

Events (0 events):
No events


Dynamic libraries:
0x00007ff642280000 - 0x00007ff64228e000 	c:\Users\Shady\.vscode\extensions\amiq.dvt-26.1.12-win32-x64\dvt_home\platform\windows-amd64\jdk\bin\javaw.exe
0x00007fff876f0000 - 0x00007fff87907000 	C:\WINDOWS\SYSTEM32\ntdll.dll
0x00007fff86760000 - 0x00007fff86824000 	C:\WINDOWS\System32\KERNEL32.DLL
0x00007fff84fa0000 - 0x00007fff85372000 	C:\WINDOWS\System32\KERNELBASE.dll
0x00007fff84cb0000 - 0x00007fff84dc1000 	C:\WINDOWS\System32\ucrtbase.dll
0x00007fff639c0000 - 0x00007fff639de000 	c:\Users\Shady\.vscode\extensions\amiq.dvt-26.1.12-win32-x64\dvt_home\platform\windows-amd64\jdk\bin\VCRUNTIME140.dll
0x00007fff5edd0000 - 0x00007fff5ede6000 	c:\Users\Shady\.vscode\extensions\amiq.dvt-26.1.12-win32-x64\dvt_home\platform\windows-amd64\jdk\bin\jli.dll
0x00007fff862a0000 - 0x00007fff86451000 	C:\WINDOWS\System32\USER32.dll
0x00007fff84f70000 - 0x00007fff84f96000 	C:\WINDOWS\System32\win32u.dll
0x00007fff86e00000 - 0x00007fff86e29000 	C:\WINDOWS\System32\GDI32.dll
0x00007fff847e0000 - 0x00007fff84903000 	C:\WINDOWS\System32\gdi32full.dll
0x00007fff84b50000 - 0x00007fff84bea000 	C:\WINDOWS\System32\msvcp_win.dll
0x00007fff71750000 - 0x00007fff719eb000 	C:\WINDOWS\WinSxS\amd64_microsoft.windows.common-controls_6595b64144ccf1df_6.0.22621.5547_none_27104afb73855772\COMCTL32.dll
0x00007fff86460000 - 0x00007fff86507000 	C:\WINDOWS\System32\msvcrt.dll
0x00007fff85670000 - 0x00007fff856a1000 	C:\WINDOWS\System32\IMM32.DLL
0x00007fff7d1a0000 - 0x00007fff7d1ac000 	c:\Users\Shady\.vscode\extensions\amiq.dvt-26.1.12-win32-x64\dvt_home\platform\windows-amd64\jdk\bin\vcruntime140_1.dll
0x00007fff53e60000 - 0x00007fff53eed000 	c:\Users\Shady\.vscode\extensions\amiq.dvt-26.1.12-win32-x64\dvt_home\platform\windows-amd64\jdk\bin\msvcp140.dll
0x00007fff34bb0000 - 0x00007fff35a1c000 	c:\Users\Shady\.vscode\extensions\amiq.dvt-26.1.12-win32-x64\dvt_home\platform\windows-amd64\jdk\bin\server\jvm.dll
0x00007fff86830000 - 0x00007fff868e1000 	C:\WINDOWS\System32\ADVAPI32.dll
0x00007fff86e40000 - 0x00007fff86ee8000 	C:\WINDOWS\System32\sechost.dll
0x00007fff84dd0000 - 0x00007fff84df8000 	C:\WINDOWS\System32\bcrypt.dll
0x00007fff85380000 - 0x00007fff85494000 	C:\WINDOWS\System32\RPCRT4.dll
0x00007fff86ef0000 - 0x00007fff86f61000 	C:\WINDOWS\System32\WS2_32.dll
0x00007fff846b0000 - 0x00007fff846fd000 	C:\WINDOWS\SYSTEM32\POWRPROF.dll
0x00007fff7d100000 - 0x00007fff7d134000 	C:\WINDOWS\SYSTEM32\WINMM.dll
0x00007fff72910000 - 0x00007fff7291a000 	C:\WINDOWS\SYSTEM32\VERSION.dll
0x00007fff84690000 - 0x00007fff846a3000 	C:\WINDOWS\SYSTEM32\UMPDC.dll
0x00007fff83810000 - 0x00007fff83828000 	C:\WINDOWS\SYSTEM32\kernel.appcore.dll
0x00007fff68c20000 - 0x00007fff68c2a000 	c:\Users\Shady\.vscode\extensions\amiq.dvt-26.1.12-win32-x64\dvt_home\platform\windows-amd64\jdk\bin\jimage.dll
0x00007fff787e0000 - 0x00007fff78a13000 	C:\WINDOWS\SYSTEM32\DBGHELP.DLL
0x00007fff869c0000 - 0x00007fff86d53000 	C:\WINDOWS\System32\combase.dll
0x00007fff86f70000 - 0x00007fff87047000 	C:\WINDOWS\System32\OLEAUT32.dll
0x00007fff5e260000 - 0x00007fff5e292000 	C:\WINDOWS\SYSTEM32\dbgcore.DLL
0x00007fff84990000 - 0x00007fff84a0b000 	C:\WINDOWS\System32\bcryptPrimitives.dll
0x00007fff5ed20000 - 0x00007fff5ed3e000 	c:\Users\Shady\.vscode\extensions\amiq.dvt-26.1.12-win32-x64\dvt_home\platform\windows-amd64\jdk\bin\java.dll
0x00007fff865c0000 - 0x00007fff86760000 	C:\WINDOWS\System32\ole32.dll
0x00007fff856b0000 - 0x00007fff85f52000 	C:\WINDOWS\System32\SHELL32.dll
0x00007fff84a10000 - 0x00007fff84b4f000 	C:\WINDOWS\System32\wintypes.dll

JVMTI agents: none

dbghelp: loaded successfully - version: 4.0.5 - missing functions: none
symbol engine: initialized successfully - sym options: 0x614 - pdb path: .;c:\Users\Shady\.vscode\extensions\amiq.dvt-26.1.12-win32-x64\dvt_home\platform\windows-amd64\jdk\bin;C:\WINDOWS\SYSTEM32;C:\WINDOWS\WinSxS\amd64_microsoft.windows.common-controls_6595b64144ccf1df_6.0.22621.5547_none_27104afb73855772;c:\Users\Shady\.vscode\extensions\amiq.dvt-26.1.12-win32-x64\dvt_home\platform\windows-amd64\jdk\bin\server

VM Arguments:
jvm_args: --sun-misc-unsafe-memory-access=allow -XX:+UnlockExperimentalVMOptions -XX:+UseCompactObjectHeaders -Dnashorn.args=--no-deprecation-warning -XX:+UseG1GC -Xmx3072m -Xms3072m -Xss4m -Djava.awt.headless=true 
java_command: ro.amiq.dvt.main.LSMain -project_path c:\Users\Shady\OneDrive\Documents\PCIe\pcie-gen6-dll-vip-base_test -id 2026-06-25-14-57-54-753000000 -build default -timeout 60 -embedded -lang vlog -port_range_start 0 -port_range_end 0
java_class_path (initial): c:\Users\Shady\.vscode\extensions\amiq.dvt-26.1.12-win32-x64\dvt_home\common\batch\ro.amiq.dvt.batch-26.1.12.jar
Launcher Type: SUN_STANDARD

[Global flags]
     intx CICompilerCount                          = 3                                         {product} {ergonomic}
     uint ConcGCThreads                            = 1                                         {product} {ergonomic}
     uint G1ConcRefinementThreads                  = 4                                         {product} {ergonomic}
     uint G1EagerReclaimRemSetThreshold            = 16                                   {experimental} {ergonomic}
   size_t G1HeapRegionSize                         = 2097152                                   {product} {ergonomic}
     uint G1RemSetArrayOfCardsEntries              = 16                                   {experimental} {ergonomic}
     uint G1RemSetHowlMaxNumBuckets                = 8                                    {experimental} {ergonomic}
     uint G1RemSetHowlNumBuckets                   = 8                                    {experimental} {ergonomic}
   size_t InitialHeapSize                          = 3221225472                                {product} {command line}
   size_t MarkStackSize                            = 4194304                                   {product} {ergonomic}
   size_t MarkStackSizeMax                         = 536870912                                 {product} {ergonomic}
   size_t MaxHeapSize                              = 3221225472                                {product} {command line}
   size_t MinHeapDeltaBytes                        = 2097152                                   {product} {ergonomic}
   size_t MinHeapSize                              = 3221225472                                {product} {command line}
    uintx NonNMethodCodeHeapSize                   = 5832704                                {pd product} {ergonomic}
    uintx NonProfiledCodeHeapSize                  = 122945536                              {pd product} {ergonomic}
    uintx ProfiledCodeHeapSize                     = 122880000                              {pd product} {ergonomic}
    uintx ReservedCodeCacheSize                    = 251658240                              {pd product} {ergonomic}
     bool SegmentedCodeCache                       = true                                      {product} {ergonomic}
   size_t SoftMaxHeapSize                          = 3221225472                             {manageable} {ergonomic}
     intx ThreadStackSize                          = 4096                                   {pd product} {command line}
     bool UnlockExperimentalVMOptions              = true                                 {experimental} {command line}
     bool UseCompactObjectHeaders                  = true                           {experimental lp64_product} {command line}
     bool UseCompressedOops                        = true                           {product lp64_product} {ergonomic}
     bool UseFastUnorderedTimeStamps               = true                                 {experimental} {ergonomic}
     bool UseG1GC                                  = true                                      {product} {command line}
     bool UseLargePagesIndividualAllocation        = false                                  {pd product} {ergonomic}

Logging:
Log output configuration:
 #0: stdout all=warning uptime,level,tags foldmultilines=false
 #1: stderr all=off uptime,level,tags foldmultilines=false

Environment Variables:
PATH=C:\WINDOWS\system32;C:\WINDOWS;C:\WINDOWS\System32\Wbem;C:\WINDOWS\System32\WindowsPowerShell\v1.0\;C:\WINDOWS\System32\OpenSSH\;C:\OrCAD\OrCAD_16.6_Lite\openaccess\bin\win32\opt;C:\OrCAD\OrCAD_16.6_Lite\tools\capture;C:\OrCAD\OrCAD_16.6_Lite\tools\pspice;C:\OrCAD\OrCAD_16.6_Lite\tools\specctra\bin;C:\OrCAD\OrCAD_16.6_Lite\tools\fet\bin;C:\OrCAD\OrCAD_16.6_Lite\tools\libutil\bin;C:\OrCAD\OrCAD_16.6_Lite\tools\bin;C:\OrCAD\OrCAD_16.6_Lite\tools\pcb\bin;C:\OrCAD\OrCAD_16.6_Lite\tools\PSpice;C:\OrCAD\OrCAD_16.6_Lite\tools\Capture;C:\OrCAD\OrCAD_16.6_Lite\OpenAccess\bin\win32\opt;C:\Program Files\Java\openlogic-openjdk-21.0.4+7-windows-x64\bin;C:\Program Files\PuTTY\;C:\Program Files\Polyspace\R2019a\bin;C:\Program Files\Git\cmd;C:\Program Files\Notepad++;C:\Users\Shady\AppData\Local\Programs\Python\Launcher\;C:\Users\Shady\AppData\Local\Microsoft\WindowsApps;C:\Program Files\CodeBlocks\MinGW\bin;;C:\questasim64_10.6c\win64;C:\Users\Shady\AppData\Local\Programs\Microsoft VS Code\bin
USERNAME=Shady
OS=Windows_NT
PROCESSOR_IDENTIFIER=Intel64 Family 6 Model 142 Stepping 12, GenuineIntel
TMP=C:\Users\Shady\AppData\Local\Temp
TEMP=C:\Users\Shady\AppData\Local\Temp




Periodic native trim disabled

---------------  S Y S T E M  ---------------

OS:
 Windows 11 , 64 bit Build 22621 (10.0.22621.5415)
OS uptime: 14 days 15:36 hours

CPU: total 4 (initial active 4) (2 cores per cpu, 2 threads per core) family 6 model 142 stepping 12 microcode 0xde, cx8, cmov, fxsr, ht, mmx, 3dnowpref, sse, sse2, sse3, ssse3, sse4.1, sse4.2, popcnt, lzcnt, tsc, tscinvbit, avx, avx2, aes, erms, clmul, bmi1, bmi2, adx, fma, vzeroupper, clflush, clflushopt, rdtscp, f16c
Processor Information for the first 4 processors :
  Max Mhz: 2501, Current Mhz: 2501, Mhz Limit: 2501

Memory: 4k page, system-wide physical 12125M (3773M free)
TotalPageFile size 18832M (AvailPageFile size 1260M)
current process WorkingSet (physical memory assigned to process): 12M, peak: 12M
current process commit charge ("private bytes"): 52M, peak: 3124M

vm_info: OpenJDK 64-Bit Server VM (24.0.2+12) for windows-amd64 JRE (24.0.2+12), built on 2025-07-15T00:00:00Z with MS VC++ 17.7 (VS2022)

END.
