#
# There is insufficient memory for the Java Runtime Environment to continue.
# Native memory allocation (mmap) failed to map 3221225472 bytes. Error detail: G1 virtual space
# Possible reasons:
#   The system is out of physical RAM or swap space
#   This process is running with CompressedOops enabled, and the Java Heap may be blocking the growth of the native heap
# Possible solutions:
#   Reduce memory load on the system
#   Increase physical memory or swap space
#   Check if swap backing store is full
#   Decrease Java heap size (-Xmx/-Xms)
#   Decrease number of Java threads
#   Decrease Java thread stack sizes (-Xss)
#   Set larger code cache with -XX:ReservedCodeCacheSize=
#   JVM is running with Zero Based Compressed Oops mode in which the Java heap is
#     placed in the first 32GB address space. The Java Heap base address is the
#     maximum limit for the native heap growth. Please use -XX:HeapBaseMinAddress
#     to set the Java Heap base and to place the Java Heap above 32GB virtual address.
# This output file may be truncated or incomplete.
#
#  Out of Memory Error (os_windows.cpp:3564), pid=3376, tid=25548
#
# JRE version:  (24.0.2+12) (build )
# Java VM: OpenJDK 64-Bit Server VM (24.0.2+12, mixed mode, sharing, tiered, compressed oops, compressed class ptrs, g1 gc, windows-amd64)
# No core dump will be written. Minidumps are not enabled by default on client versions of Windows
#

---------------  S U M M A R Y ------------

Command Line: --sun-misc-unsafe-memory-access=allow -XX:+UnlockExperimentalVMOptions -XX:+UseCompactObjectHeaders -Dnashorn.args=--no-deprecation-warning -XX:+UseG1GC -Xmx3072m -Xms3072m -Xss4m -Djava.awt.headless=true ro.amiq.dvt.main.LSMain -project_path c:\Users\Shady\OneDrive\Documents\PCIe\pcie-gen6-dll-vip-base_test -id 2026-05-20-16-05-56-130000000 -build default -timeout 60 -embedded -lang vlog -port_range_start 0 -port_range_end 0

Host: Intel(R) Core(TM) i3-10110U CPU @ 2.10GHz, 4 cores, 11G,  Windows 11 , 64 bit Build 22621 (10.0.22621.5415)
Time: Wed May 20 16:05:57 2026 Egypt Daylight Time elapsed time: 0.115112 seconds (0d 0h 0m 0s)

---------------  T H R E A D  ---------------

Current thread (0x0000014cddd5e920):  JavaThread "Unknown thread" [_thread_in_vm, id=25548, stack(0x0000000426f00000,0x0000000427300000) (4096K)]

Stack: [0x0000000426f00000,0x0000000427300000]
Native frames: (J=compiled Java code, j=interpreted, Vv=VM code, C=native code)
V  [jvm.dll+0x7341e9]  (no source info available)
V  [jvm.dll+0x96c0d3]  (no source info available)
V  [jvm.dll+0x96e5bd]  (no source info available)
V  [jvm.dll+0x96ec33]  (no source info available)
V  [jvm.dll+0x2ac166]  (no source info available)
V  [jvm.dll+0x730705]  (no source info available)
V  [jvm.dll+0x7241aa]  (no source info available)
V  [jvm.dll+0x39333a]  (no source info available)
V  [jvm.dll+0x39b086]  (no source info available)
V  [jvm.dll+0x38791e]  (no source info available)
V  [jvm.dll+0x387bd8]  (no source info available)
V  [jvm.dll+0x35f8bc]  (no source info available)
V  [jvm.dll+0x36057d]  (no source info available)
V  [jvm.dll+0x92f88f]  (no source info available)
V  [jvm.dll+0x3fba0d]  (no source info available)
V  [jvm.dll+0x917c66]  (no source info available)
V  [jvm.dll+0x4968ae]  (no source info available)
V  [jvm.dll+0x4987b1]  (no source info available)
C  [jli.dll+0x5276]  (no source info available)
C  [ucrtbase.dll+0x29333]  (no source info available)
C  [KERNEL32.DLL+0x1259d]  (no source info available)
C  [ntdll.dll+0x5af78]  (no source info available)

Lock stack of current Java thread (top to bottom):


---------------  P R O C E S S  ---------------

Threads class SMR info:
_java_thread_list=0x00007ffa0e9daf58, length=0, elements={
}

Java Threads: ( => current thread )
Total: 0

Other Threads:
  0x0000014ce01981b0 WorkerThread "GC Thread#0"                     [id=17240, stack(0x0000000427300000,0x0000000427400000) (1024K)]
  0x0000014ce01a8a30 ConcurrentGCThread "G1 Main Marker"           
                   